0 info it worked if it ends with ok
1 verbose cli [ '/Users/smrutis/workspace/installed/node-v0.10.26-darwin-x64/bin/node',
1 verbose cli   '/Users/smrutis/workspace/installed/node-v0.10.26-darwin-x64/bin/npm',
1 verbose cli   'start' ]
2 info using npm@1.4.3
3 info using node@v0.10.26
4 verbose run-script [ 'prestart', 'start', 'poststart' ]
5 info prestart amortization@0.1.0
6 info start amortization@0.1.0
7 verbose unsafe-perm in lifecycle true
8 info amortization@0.1.0 Failed to exec start script
9 error amortization@0.1.0 start: `node index.js`
9 error Exit status 1
10 error Failed at the amortization@0.1.0 start script.
10 error This is most likely a problem with the amortization package,
10 error not with npm itself.
10 error Tell the author that this fails on your system:
10 error     node index.js
10 error You can get their info via:
10 error     npm owner ls amortization
10 error There is likely additional logging output above.
11 error System Darwin 13.1.0
12 error command "/Users/smrutis/workspace/installed/node-v0.10.26-darwin-x64/bin/node" "/Users/smrutis/workspace/installed/node-v0.10.26-darwin-x64/bin/npm" "start"
13 error cwd /Users/smrutis/personal/code/ebay-excercise/node/kraken/amortization
14 error node -v v0.10.26
15 error npm -v 1.4.3
16 error code ELIFECYCLE
17 verbose exit [ 1, true ]
